<?xml version="1.0" encoding="UTF-8"?>
<!-- Generated by org.testng.reporters.JUnitXMLReporter -->
<testsuite hostname="ShrutiLaptop" name="Test" tests="2" failures="1" timestamp="30 Mar 2018 18:06:04 GMT" time="12.955" errors="0">
  <testcase name="test1" time="6.833" classname="TestCases.FirstTest">
    <failure type="java.lang.AssertionError" message="expected [H] but found [Hi]">
      <![CDATA[java.lang.AssertionError: expected [H] but found [Hi]
	at TestCases.FirstTest.test1(FirstTest.java:28)
... Removed 29 stack frames]]>
    </failure>
  </testcase> <!-- test1 -->
  <testcase name="testSecond" time="5.605" classname="TestCases.SecondTest"/>
</testsuite> <!-- Test -->
